  Game.cpp
d:\documents\documents\visual studio 2012\projects\basketball_leadue\basketball_leadue\game.cpp(24): warning C4018: '<' : signed/unsigned mismatch
d:\documents\documents\visual studio 2012\projects\basketball_leadue\basketball_leadue\game.cpp(27): warning C4018: '>' : signed/unsigned mismatch
d:\documents\documents\visual studio 2012\projects\basketball_leadue\basketball_leadue\game.cpp(37): warning C4018: '<' : signed/unsigned mismatch
d:\documents\documents\visual studio 2012\projects\basketball_leadue\basketball_leadue\game.cpp(41): warning C4018: '>' : signed/unsigned mismatch
  Basketball_league.cpp
d:\documents\documents\visual studio 2012\projects\basketball_leadue\basketball_leadue\basketball_league.cpp(141): warning C4018: '<' : signed/unsigned mismatch
d:\documents\documents\visual studio 2012\projects\basketball_leadue\basketball_leadue\basketball_league.cpp(155): warning C4018: '<' : signed/unsigned mismatch
d:\documents\documents\visual studio 2012\projects\basketball_leadue\basketball_leadue\basketball_league.cpp(167): warning C4018: '<' : signed/unsigned mismatch
d:\documents\documents\visual studio 2012\projects\basketball_leadue\basketball_leadue\basketball_league.cpp(170): warning C4018: '>' : signed/unsigned mismatch
d:\documents\documents\visual studio 2012\projects\basketball_leadue\basketball_leadue\basketball_league.cpp(216): warning C4018: '<' : signed/unsigned mismatch
d:\documents\documents\visual studio 2012\projects\basketball_leadue\basketball_leadue\basketball_league.cpp(224): warning C4018: '<' : signed/unsigned mismatch
d:\documents\documents\visual studio 2012\projects\basketball_leadue\basketball_leadue\basketball_league.cpp(356): warning C4018: '<' : signed/unsigned mismatch
d:\documents\documents\visual studio 2012\projects\basketball_leadue\basketball_leadue\basketball_league.cpp(368): warning C4018: '<' : signed/unsigned mismatch
d:\documents\documents\visual studio 2012\projects\basketball_leadue\basketball_leadue\basketball_league.cpp(419): warning C4018: '<' : signed/unsigned mismatch
d:\documents\documents\visual studio 2012\projects\basketball_leadue\basketball_leadue\basketball_league.cpp(421): warning C4018: '>' : signed/unsigned mismatch
d:\documents\documents\visual studio 2012\projects\basketball_leadue\basketball_leadue\basketball_league.cpp(437): warning C4018: '<' : signed/unsigned mismatch
d:\documents\documents\visual studio 2012\projects\basketball_leadue\basketball_leadue\basketball_league.cpp(521): warning C4018: '<' : signed/unsigned mismatch
d:\documents\documents\visual studio 2012\projects\basketball_leadue\basketball_leadue\basketball_league.cpp(611): warning C4018: '<' : signed/unsigned mismatch
d:\documents\documents\visual studio 2012\projects\basketball_leadue\basketball_leadue\basketball_league.cpp(630): warning C4101: '_halftimeScoreHOME' : unreferenced local variable
d:\documents\documents\visual studio 2012\projects\basketball_leadue\basketball_leadue\basketball_league.cpp(625): warning C4101: '_date' : unreferenced local variable
d:\documents\documents\visual studio 2012\projects\basketball_leadue\basketball_leadue\basketball_league.cpp(628): warning C4101: '_finalScoreHOME' : unreferenced local variable
d:\documents\documents\visual studio 2012\projects\basketball_leadue\basketball_leadue\basketball_league.cpp(626): warning C4101: '_round' : unreferenced local variable
d:\documents\documents\visual studio 2012\projects\basketball_leadue\basketball_leadue\basketball_league.cpp(627): warning C4101: '_game' : unreferenced local variable
d:\documents\documents\visual studio 2012\projects\basketball_leadue\basketball_leadue\basketball_league.cpp(631): warning C4101: '_halftimeScoreGUEST' : unreferenced local variable
d:\documents\documents\visual studio 2012\projects\basketball_leadue\basketball_leadue\basketball_league.cpp(629): warning C4101: '_finalScoreGUEST' : unreferenced local variable
  Generating Code...
d:\documents\documents\visual studio 2012\projects\basketball_leadue\basketball_leadue\basketball_league.cpp(291): warning C4717: 'Basketball_league::get_teams' : recursive on all control paths, function will cause runtime stack overflow
d:\documents\documents\visual studio 2012\projects\basketball_leadue\basketball_leadue\basketball_league.cpp(296): warning C4717: 'Basketball_league::get_games' : recursive on all control paths, function will cause runtime stack overflow
  basketball_leadue.vcxproj -> D:\Documents\Documents\Visual Studio 2012\Projects\basketball_leadue\Debug\basketball_league.exe
